# Documentation Audit Report

_Generated via tools/DocumentationAudit/documentation_audit.py_

Found 142 undocumented public/internal type declarations.

- src/runtime/WallstopStudios.NovaSharp.Interpreter/Compatibility/Attributes.cs
  - line 9: missing XML docs for `class ComVisibleAttribute`
  - line 14: missing XML docs for `class GuidAttribute`
- src/runtime/WallstopStudios.NovaSharp.Interpreter/CoreLib/DebugModule.cs
  - line 1411: missing XML docs for `Function`
  - line 1412: missing XML docs for `Mask`
  - line 1413: missing XML docs for `Count`
  - line 1426: missing XML docs for `Upvalue`
  - line 1428: missing XML docs for `ReferenceId`
  - line 1430: missing XML docs for `ToString()`
  - line 1441: missing XML docs for `Name`
  - line 1443: missing XML docs for `Type`
  - line 1445: missing XML docs for `Index()`
  - line 1450: missing XML docs for `SetIndex()`
  - line 1461: missing XML docs for `AsString()`
  - line 1471: missing XML docs for `MetaIndex()`
  - line 1476: missing XML docs for `IsTypeCompatible()`
- src/runtime/WallstopStudios.NovaSharp.Interpreter/CoreLib/IO/FileUserDataDescriptor.cs
  - line 20: missing XML docs for `Name`
  - line 22: missing XML docs for `Type`
  - line 24: missing XML docs for `Index()`
  - line 35: missing XML docs for `SetIndex()`
  - line 52: missing XML docs for `AsString()`
  - line 57: missing XML docs for `MetaIndex()`
  - line 62: missing XML docs for `IsTypeCompatible()`
- src/runtime/WallstopStudios.NovaSharp.Interpreter/CoreLib/TableModule.cs
  - line 35: missing XML docs for `Compare()`
- src/runtime/WallstopStudios.NovaSharp.Interpreter/DataStructs/CollectionPools.cs
  - line 148: missing XML docs for `GetStatistics()`
  - line 153: missing XML docs for `Trim()`
  - line 220: missing XML docs for `GetStatistics()`
  - line 225: missing XML docs for `Trim()`
  - line 279: missing XML docs for `GetStatistics()`
  - line 284: missing XML docs for `Trim()`
  - line 327: missing XML docs for `GetStatistics()`
  - line 332: missing XML docs for `Trim()`
  - line 375: missing XML docs for `GetStatistics()`
  - line 380: missing XML docs for `Trim()`
- src/runtime/WallstopStudios.NovaSharp.Interpreter/DataStructs/DynValueArrayPool.cs
  - line 61: missing XML docs for `Array`
  - line 63: missing XML docs for `ReturnedAt`
  - line 82: missing XML docs for `GetStatistics()`
  - line 87: missing XML docs for `Trim()`
  - line 283: missing XML docs for `GetStatistics()`
  - line 317: missing XML docs for `Trim()`
- src/runtime/WallstopStudios.NovaSharp.Interpreter/DataStructs/GenericPool.cs
  - line 27: missing XML docs for `Value`
  - line 29: missing XML docs for `ReturnedAt`
- src/runtime/WallstopStudios.NovaSharp.Interpreter/DataStructs/ObjectArrayPool.cs
  - line 60: missing XML docs for `Array`
  - line 62: missing XML docs for `ReturnedAt`
  - line 81: missing XML docs for `GetStatistics()`
  - line 86: missing XML docs for `Trim()`
  - line 263: missing XML docs for `GetStatistics()`
  - line 297: missing XML docs for `Trim()`
- src/runtime/WallstopStudios.NovaSharp.Interpreter/DataStructs/PoolLifecycle.cs
  - line 88: missing XML docs for `Name`
  - line 90: missing XML docs for `RetainedCount`
  - line 92: missing XML docs for `EstimatedRetainedBytes`
  - line 94: missing XML docs for `PeakRetainedBytes`
  - line 96: missing XML docs for `TrimCount`
  - line 98: missing XML docs for `DroppedCount`
  - line 100: missing XML docs for `Empty()`
  - line 117: missing XML docs for `TrimmedCount`
  - line 119: missing XML docs for `EstimatedReleasedBytes`
  - line 121: missing XML docs for `Empty`
  - line 133: missing XML docs for `GetTimestamp()`
  - line 138: missing XML docs for `ToTimestampTicks()`
  - line 170: missing XML docs for `Register()`
  - line 186: missing XML docs for `Unregister()`
  - line 199: missing XML docs for `Trim()`
  - line 215: missing XML docs for `GetStatistics()`
  - line 269: missing XML docs for `class TestHooks`
  - line 271: missing XML docs for `IsRegistered()`
  - line 279: missing XML docs for `SetClock()`
  - line 285: missing XML docs for `ResetClock()`
  - line 290: missing XML docs for `ResetPeakEstimatedRetainedBytes()`
- src/runtime/WallstopStudios.NovaSharp.Interpreter/DataStructs/SystemArrayPool.cs
  - line 59: missing XML docs for `GetStatistics()`
  - line 64: missing XML docs for `Trim()`
  - line 233: missing XML docs for `GetStatistics()`
  - line 245: missing XML docs for `Trim()`
- src/runtime/WallstopStudios.NovaSharp.Interpreter/DataTypes/UserData.cs
  - line 582: missing XML docs for `Dispose()`
- src/runtime/WallstopStudios.NovaSharp.Interpreter/Errors/InterpreterException.cs
  - line 101: missing XML docs for `ErrorHandlerBeforeUnwindDecorated`
- src/runtime/WallstopStudios.NovaSharp.Interpreter/Execution/VM/CallStackItem.cs
  - line 54: missing XML docs for `ErrorHandlerBeforeUnwindInProgress`
- src/runtime/WallstopStudios.NovaSharp.Interpreter/Execution/VM/CallStackItemPool.cs
  - line 61: missing XML docs for `Item`
  - line 63: missing XML docs for `ReturnedAt`
  - line 80: missing XML docs for `GetStatistics()`
  - line 85: missing XML docs for `Trim()`
  - line 169: missing XML docs for `GetStatistics()`
  - line 194: missing XML docs for `Trim()`
- src/runtime/WallstopStudios.NovaSharp.Interpreter/Execution/VM/Processor/ProcessorInstructionLoop.cs
  - line 38: missing XML docs for `ReturnAddress`
  - line 40: missing XML docs for `ErrorHandler`
  - line 42: missing XML docs for `Continuation`
  - line 44: missing XML docs for `ErrorHandlerBeforeUnwind`
- src/runtime/WallstopStudios.NovaSharp.Interpreter/Interop/UserDataRegistries/ExtensionMethodsRegistry.cs
  - line 40: missing XML docs for `SyncRoot`
  - line 42: missing XML docs for `Registry`
  - line 44: missing XML docs for `UnresolvedGenerics`
  - line 46: missing XML docs for `ChangeVersion`
  - line 59: missing XML docs for `State`
  - line 61: missing XML docs for `Dispose()`
  - line 96: missing XML docs for `Clone()`
  - line 313: missing XML docs for `EnterIsolationScope()`
- src/runtime/WallstopStudios.NovaSharp.Interpreter/Script.cs
  - line 620: missing XML docs for `BeginDefaultOptionsScope()`
  - line 728: missing XML docs for `RegisterCoroutineForMemoryStatistics()`
  - line 4933: missing XML docs for `Dispose()`
- src/runtime/WallstopStudios.NovaSharp.Interpreter/Utilities/OneOf/FastOneOf2.cs
  - line 198: missing XML docs for `FromT0()`
  - line 211: missing XML docs for `FromT1()`
- src/runtime/WallstopStudios.NovaSharp.Interpreter/Utilities/OneOf/FastOneOf3.cs
  - line 280: missing XML docs for `FromT0()`
  - line 293: missing XML docs for `FromT1()`
  - line 306: missing XML docs for `FromT2()`
- src/runtime/WallstopStudios.NovaSharp.Interpreter/Utilities/OneOf/FastOneOf4.cs
  - line 366: missing XML docs for `FromT0()`
  - line 379: missing XML docs for `FromT1()`
  - line 392: missing XML docs for `FromT2()`
  - line 405: missing XML docs for `FromT3()`
- src/tooling/WallstopStudios.NovaSharp.Benchmarks/MemoryRetentionBenchmarks.cs
  - line 345: missing XML docs for `Rent()`
  - line 360: missing XML docs for `Return()`
  - line 417: missing XML docs for `RentBytes()`
  - line 424: missing XML docs for `RentInts()`
  - line 431: missing XML docs for `RentObjects()`
  - line 438: missing XML docs for `Dispose()`
- src/tooling/WallstopStudios.NovaSharp.Cli/ArgumentValidation.cs
  - line 10: missing XML docs for `ThrowIfNull()`
- src/tooling/WallstopStudios.NovaSharp.Cli/CliArgumentRegistry.cs
  - line 223: missing XML docs for `ForRepl()`
  - line 239: missing XML docs for `ForHelp()`
  - line 255: missing XML docs for `ForScript()`
  - line 271: missing XML docs for `ForExecute()`
  - line 290: missing XML docs for `ForHardwire()`
  - line 306: missing XML docs for `ForCommand()`
  - line 322: missing XML docs for `ForError()`
  - line 368: missing XML docs for `DumpFile`
  - line 369: missing XML docs for `DestinationFile`
  - line 370: missing XML docs for `AllowInternals`
  - line 371: missing XML docs for `UseVisualBasic`
  - line 372: missing XML docs for `ClassName`
  - line 373: missing XML docs for `NamespaceName`
- src/tooling/WallstopStudios.NovaSharp.LuaBatchRunner/LuaBatchRunner.cs
  - line 34: missing XML docs for `ExitCode`
  - line 86: missing XML docs for `FilterSupportedCoreModules()`
  - line 89: missing XML docs for `GetEnvironmentVariable()`
  - line 92: missing XML docs for `IsRunningOnAOT()`
  - line 94: missing XML docs for `GetPlatformName()`
  - line 96: missing XML docs for `DefaultPrint()`
  - line 98: missing XML docs for `DefaultInput()`
  - line 100: missing XML docs for `OpenFile()`
  - line 103: missing XML docs for `GetStandardStream()`
  - line 105: missing XML docs for `GetTempFileName()`
  - line 107: missing XML docs for `FileExists()`
  - line 109: missing XML docs for `DeleteFile()`
  - line 111: missing XML docs for `MoveFile()`
  - line 113: missing XML docs for `ExecuteCommand()`
  - line 211: missing XML docs for `ExitFast()`
  - line 251: missing XML docs for `class Program`
  - line 392: missing XML docs for `Main()`
